Info (PARAM): Deploy=false
Info (PARAM): Map=/Users/mohammadmahdi/Desktop/aiaiaiai/ai-challenge/AIC20-Game-master/maps/map7.map
Info (PARAM): TeamName0=Team0
Info (PARAM): TeamName1=Team1
Info (PARAM): TeamName2=Team2
Info (PARAM): TeamName3=Team3
Info (PARAM): UIToken=00000000000000000000000000000000
Info (PARAM): OCSendToUI=false
Info (PARAM): OCSendToFile=false
Info (PARAM): Client0Token=00000000000000000000000000000000
Info (PARAM): Client1Token=00000000000000000000000000000000
Info (PARAM): Client2Token=00000000000000000000000000000000
Info (PARAM): Client3Token=00000000000000000000000000000000
Info (PARAM): UIEnable=false
Info (PARAM): ClientsPort=7099
Info (ClientNetwork): Listening on port 7099.
Info (PARAM): ClientsConnectionTimeout=2147483647
Info (JsonSocket): Message received: {"type": "token", "info": {"token": "00000000000000000000000000000000"}, "turn": 0}
Info (ClientNetwork): Client accepted.
Info (JsonSocket): Message received: {"type": "token", "info": {"token": "00000000000000000000000000000000"}, "turn": 0}
Info (ClientNetwork): Client accepted.
Info (JsonSocket): Message received: {"type": "token", "info": {"token": "00000000000000000000000000000000"}, "turn": 0}
Info (ClientNetwork): Client accepted.
Info (JsonSocket): Message received: {"type": "token", "info": {"token": "00000000000000000000000000000000"}, "turn": 0}
Info (ClientNetwork): Client accepted.
Info (JsonSocket): Message sent.
Info (JsonSocket): Message sent.
Info (JsonSocket): Message sent.
Info (JsonSocket): Message sent.
Info (JsonSocket): Message received: {"type": "pick", "info": {"units": [6, 1, 5, 0, 2]}, "turn": 0}
Info (JsonSocket): Message received: {"type": "pick", "info": {"units": [6, 1, 5, 0, 2]}, "turn": 0}
Info (JsonSocket): Message received: {"type": "pick", "info": {"units": [1, 2, 6, 5, 0]}, "turn": 0}
Info (JsonSocket): Message received: {"type": "pick", "info": {"units": [1, 2, 6, 5, 0]}, "turn": 0}
Info (JsonSocket): Message received: {"type": "endTurn", "info": {}, "turn": 0}
Info (JsonSocket): Message received: {"type": "endTurn", "info": {}, "turn": 0}
Info (JsonSocket): Message received: {"type": "endTurn", "info": {}, "turn": 0}
Info (JsonSocket): Message received: {"type": "endTurn", "info": {}, "turn": 0}
Info (GameServer): Simulation timeout passed by spending 71 time!
Info (JsonSocket): Message sent.
Info (JsonSocket): Message sent.
Info (JsonSocket): Message sent.
Info (JsonSocket): Message sent.
Info (JsonSocket): Message received: {"type": "endTurn", "info": {}, "turn": 1}
Info (JsonSocket): Message received: {"type": "endTurn", "info": {}, "turn": 1}
Info (JsonSocket): Message received: {"type": "putUnit", "info": {"typeId": 6, "pathId": 0}, "turn": 1}
Info (JsonSocket): Message received: {"type": "putUnit", "info": {"typeId": 6, "pathId": 1}, "turn": 1}
Info (JsonSocket): Message received: {"type": "putUnit", "info": {"typeId": 1, "pathId": 0}, "turn": 1}
Info (JsonSocket): Message received: {"type": "putUnit", "info": {"typeId": 1, "pathId": 1}, "turn": 1}
Info (JsonSocket): Message received: {"type": "putUnit", "info": {"typeId": 5, "pathId": 0}, "turn": 1}
Info (JsonSocket): Message received: {"type": "putUnit", "info": {"typeId": 5, "pathId": 1}, "turn": 1}
Info (JsonSocket): Message received: {"type": "putUnit", "info": {"typeId": 0, "pathId": 0}, "turn": 1}
Info (JsonSocket): Message received: {"type": "putUnit", "info": {"typeId": 0, "pathId": 1}, "turn": 1}
Info (JsonSocket): Message received: {"type": "putUnit", "info": {"typeId": 2, "pathId": 0}, "turn": 1}
Info (JsonSocket): Message received: {"type": "putUnit", "info": {"typeId": 2, "pathId": 1}, "turn": 1}
Info (JsonSocket): Message received: {"type": "endTurn", "info": {}, "turn": 1}
Info (JsonSocket): Message received: {"type": "endTurn", "info": {}, "turn": 1}
Info (game_put_unit): Player : 1 Put Unit 37 In Path 0
Info (game_put_unit): Player : 1 Put Unit 38 In Path 0
Info (game_put_unit): Player : 1 Put Unit 39 In Path 0
Info (game_put_unit): Player : 1 Put Unit 40 In Path 0
Info (game_put_unit): Player : 1 Put Unit 41 In Path 0
Info (game_put_unit): Player : 3 Put Unit 42 In Path 1
Info (game_put_unit): Player : 3 Put Unit 43 In Path 1
Info (game_put_unit): Player : 3 Put Unit 44 In Path 1
Info (game_put_unit): Player : 3 Put Unit 45 In Path 1
Info (game_put_unit): Player : 3 Put Unit 46 In Path 1
Info (GameServer): Simulation timeout passed by spending 90 time!
Info (JsonSocket): Message sent.
Info (JsonSocket): Message sent.
Info (JsonSocket): Message sent.
Info (JsonSocket): Message sent.
Info (JsonSocket): Message received: {"type": "putUnit", "info": {"typeId": 0, "pathId": 3}, "turn": 2}
Info (JsonSocket): Message received: {"type": "putUnit", "info": {"typeId": 0, "pathId": 2}, "turn": 2}
Info (JsonSocket): Message received: {"type": "endTurn", "info": {}, "turn": 2}
Info (JsonSocket): Message received: {"type": "endTurn", "info": {}, "turn": 2}
Info (JsonSocket): Message received: {"type": "putUnit", "info": {"typeId": 6, "pathId": 0}, "turn": 2}
Info (JsonSocket): Message received: {"type": "putUnit", "info": {"typeId": 5, "pathId": 2}, "turn": 2}
Info (JsonSocket): Message received: {"type": "putUnit", "info": {"typeId": 2, "pathId": 0}, "turn": 2}
Info (JsonSocket): Message received: {"type": "putUnit", "info": {"typeId": 1, "pathId": 2}, "turn": 2}
Info (JsonSocket): Message received: {"type": "damageUpgrade", "info": {"unitId": 37}, "turn": 2}
Info (JsonSocket): Message received: {"type": "putUnit", "info": {"typeId": 6, "pathId": 2}, "turn": 2}
Info (JsonSocket): Message received: {"type": "rangeUpgrade", "info": {"unitId": 37}, "turn": 2}
Info (JsonSocket): Message received: {"type": "damageUpgrade", "info": {"unitId": 42}, "turn": 2}
Info (JsonSocket): Message received: {"type": "endTurn", "info": {}, "turn": 2}
Info (JsonSocket): Message received: {"type": "rangeUpgrade", "info": {"unitId": 42}, "turn": 2}
Info (JsonSocket): Message received: {"type": "endTurn", "info": {}, "turn": 2}
Info (Logic error:): No upgrade card available for type: Damage Player id: 1
Info (Logic error:): No upgrade card available for type: Damage Player id: 3
Info (Logic error:): No upgrade card available for type: Range Player id: 1
Info (Logic error:): No upgrade card available for type: Range Player id: 3
Info (game_put_unit): Player : 0 Put Unit 47 In Path 2
Info (game_put_unit): Player : 1 Put Unit 48 In Path 0
Info (Logic error:): AP is not enough. Needed: 4, Current: 0 Player id: 1
Info (game_put_unit): Player : 2 Put Unit 49 In Path 3
Info (Logic error:): AP is not enough. Needed: 3, Current: 2 Player id: 3
Info (Logic error:): AP is not enough. Needed: 3, Current: 2 Player id: 3
Info (game_put_unit): Player : 3 Put Unit 50 In Path 2
Info (GameServer): Simulation timeout passed by spending 46 time!
Info (JsonSocket): Message sent.
Info (JsonSocket): Message sent.
Info (JsonSocket): Message sent.
Info (JsonSocket): Message sent.
Info (JsonSocket): Message received: {"type": "putUnit", "info": {"typeId": 1, "pathId": 3}, "turn": 3}
Info (JsonSocket): Message received: {"type": "putUnit", "info": {"typeId": 1, "pathId": 2}, "turn": 3}
Info (JsonSocket): Message received: {"type": "endTurn", "info": {}, "turn": 3}
Info (JsonSocket): Message received: {"type": "endTurn", "info": {}, "turn": 3}
Info (JsonSocket): Message received: {"type": "putUnit", "info": {"typeId": 5, "pathId": 1}, "turn": 3}
Info (JsonSocket): Message received: {"type": "putUnit", "info": {"typeId": 2, "pathId": 0}, "turn": 3}
Info (JsonSocket): Message received: {"type": "putUnit", "info": {"typeId": 1, "pathId": 1}, "turn": 3}
Info (JsonSocket): Message received: {"type": "putUnit", "info": {"typeId": 0, "pathId": 0}, "turn": 3}
Info (JsonSocket): Message received: {"type": "damageUpgrade", "info": {"unitId": 42}, "turn": 3}
Info (JsonSocket): Message received: {"type": "damageUpgrade", "info": {"unitId": 37}, "turn": 3}
Info (JsonSocket): Message received: {"type": "rangeUpgrade", "info": {"unitId": 42}, "turn": 3}
Info (JsonSocket): Message received: {"type": "rangeUpgrade", "info": {"unitId": 37}, "turn": 3}
Info (JsonSocket): Message received: {"type": "endTurn", "info": {}, "turn": 3}
Info (JsonSocket): Message received: {"type": "endTurn", "info": {}, "turn": 3}
Info (Logic error:): No upgrade card available for type: Damage Player id: 1
Info (Logic error:): No upgrade card available for type: Damage Player id: 3
Info (Logic error:): No upgrade card available for type: Range Player id: 1
Info (Logic error:): No upgrade card available for type: Range Player id: 3
Info (game_put_unit): Player : 0 Put Unit 51 In Path 2
Info (Logic error:): AP is not enough. Needed: 4, Current: 2 Player id: 1
Info (Logic error:): AP is not enough. Needed: 4, Current: 2 Player id: 1
Info (game_put_unit): Player : 2 Put Unit 52 In Path 3
Info (Logic error:): AP is not enough. Needed: 3, Current: 2 Player id: 3
Info (Logic error:): AP is not enough. Needed: 3, Current: 2 Player id: 3
Info (GameServer): Simulation timeout passed by spending 43 time!
Info (JsonSocket): Message sent.
Info (JsonSocket): Message sent.
Info (JsonSocket): Message sent.
Info (JsonSocket): Message sent.
Info (JsonSocket): Message received: {"type": "putUnit", "info": {"typeId": 2, "pathId": 3}, "turn": 4}
Info (JsonSocket): Message received: {"type": "putUnit", "info": {"typeId": 0, "pathId": 2}, "turn": 4}
Info (JsonSocket): Message received: {"type": "putUnit", "info": {"typeId": 5, "pathId": 2}, "turn": 4}
Info (JsonSocket): Message received: {"type": "endTurn", "info": {}, "turn": 4}
Info (JsonSocket): Message received: {"type": "endTurn", "info": {}, "turn": 4}
Info (JsonSocket): Message received: {"type": "putUnit", "info": {"typeId": 2, "pathId": 3}, "turn": 4}
Info (JsonSocket): Message received: {"type": "putUnit", "info": {"typeId": 1, "pathId": 2}, "turn": 4}
Info (JsonSocket): Message received: {"type": "damageUpgrade", "info": {"unitId": 42}, "turn": 4}
Info (JsonSocket): Message received: {"type": "putUnit", "info": {"typeId": 0, "pathId": 3}, "turn": 4}
Info (JsonSocket): Message received: {"type": "damageUpgrade", "info": {"unitId": 37}, "turn": 4}
Info (JsonSocket): Message received: {"type": "rangeUpgrade", "info": {"unitId": 42}, "turn": 4}
Info (JsonSocket): Message received: {"type": "rangeUpgrade", "info": {"unitId": 37}, "turn": 4}
Info (JsonSocket): Message received: {"type": "endTurn", "info": {}, "turn": 4}
Info (JsonSocket): Message received: {"type": "endTurn", "info": {}, "turn": 4}
Info (Logic error:): No upgrade card available for type: Damage Player id: 1
Info (Logic error:): No upgrade card available for type: Damage Player id: 3
Info (Logic error:): No upgrade card available for type: Range Player id: 1
Info (Logic error:): No upgrade card available for type: Range Player id: 3
Info (game_put_unit): Player : 0 Put Unit 53 In Path 2
Info (game_put_unit): Player : 1 Put Unit 54 In Path 3
Info (Logic error:): AP is not enough. Needed: 4, Current: 0 Player id: 1
Info (game_put_unit): Player : 2 Put Unit 55 In Path 3
Info (game_put_unit): Player : 3 Put Unit 56 In Path 2
Info (Logic error:): AP is not enough. Needed: 3, Current: 1 Player id: 3
Info (GameServer): Simulation timeout passed by spending 41 time!
Info (JsonSocket): Message sent.
Info (JsonSocket): Message sent.
Info (JsonSocket): Message sent.
Info (JsonSocket): Message sent.
Info (JsonSocket): Message received: {"type": "putUnit", "info": {"typeId": 2, "pathId": 0}, "turn": 5}
Info (JsonSocket): Message received: {"type": "putUnit", "info": {"typeId": 2, "pathId": 1}, "turn": 5}
Info (JsonSocket): Message received: {"type": "endTurn", "info": {}, "turn": 5}
Info (JsonSocket): Message received: {"type": "endTurn", "info": {}, "turn": 5}
Info (JsonSocket): Message received: {"type": "putUnit", "info": {"typeId": 0, "pathId": 3}, "turn": 5}
Info (JsonSocket): Message received: {"type": "putUnit", "info": {"typeId": 1, "pathId": 2}, "turn": 5}
Info (JsonSocket): Message received: {"type": "putUnit", "info": {"typeId": 1, "pathId": 3}, "turn": 5}
Info (JsonSocket): Message received: {"type": "putUnit", "info": {"typeId": 6, "pathId": 2}, "turn": 5}
Info (JsonSocket): Message received: {"type": "damageUpgrade", "info": {"unitId": 37}, "turn": 5}
Info (JsonSocket): Message received: {"type": "damageUpgrade", "info": {"unitId": 42}, "turn": 5}
Info (JsonSocket): Message received: {"type": "rangeUpgrade", "info": {"unitId": 37}, "turn": 5}
Info (JsonSocket): Message received: {"type": "rangeUpgrade", "info": {"unitId": 42}, "turn": 5}
Info (JsonSocket): Message received: {"type": "endTurn", "info": {}, "turn": 5}
Info (JsonSocket): Message received: {"type": "endTurn", "info": {}, "turn": 5}
Info (Logic error:): No upgrade card available for type: Damage Player id: 1
Info (Logic error:): No upgrade card available for type: Damage Player id: 3
Info (Logic error:): No upgrade card available for type: Range Player id: 1
Info (Logic error:): No upgrade card available for type: Range Player id: 3
Info (game_put_unit): Player : 0 Put Unit 57 In Path 1
Info (Logic error:): AP is not enough. Needed: 4, Current: 2 Player id: 1
Info (Logic error:): AP is not enough. Needed: 3, Current: 2 Player id: 1
Info (game_put_unit): Player : 2 Put Unit 58 In Path 0
Info (game_put_unit): Player : 3 Put Unit 59 In Path 2
Info (Logic error:): AP is not enough. Needed: 2, Current: 0 Player id: 3
Info (GameServer): Simulation timeout passed by spending 48 time!
Info (JsonSocket): Message sent.
Info (JsonSocket): Message sent.
Info (JsonSocket): Message sent.
Info (JsonSocket): Message sent.
Info (JsonSocket): Message received: {"type": "putUnit", "info": {"typeId": 0, "pathId": 1}, "turn": 6}
Info (JsonSocket): Message received: {"type": "putUnit", "info": {"typeId": 0, "pathId": 0}, "turn": 6}
Info (JsonSocket): Message received: {"type": "endTurn", "info": {}, "turn": 6}
Info (JsonSocket): Message received: {"type": "endTurn", "info": {}, "turn": 6}
Info (JsonSocket): Message received: {"type": "putUnit", "info": {"typeId": 0, "pathId": 0}, "turn": 6}
Info (JsonSocket): Message received: {"type": "putUnit", "info": {"typeId": 6, "pathId": 2}, "turn": 6}
Info (JsonSocket): Message received: {"type": "putUnit", "info": {"typeId": 1, "pathId": 0}, "turn": 6}
Info (JsonSocket): Message received: {"type": "damageUpgrade", "info": {"unitId": 42}, "turn": 6}
Info (JsonSocket): Message received: {"type": "damageUpgrade", "info": {"unitId": 37}, "turn": 6}
Info (JsonSocket): Message received: {"type": "rangeUpgrade", "info": {"unitId": 42}, "turn": 6}
Info (JsonSocket): Message received: {"type": "rangeUpgrade", "info": {"unitId": 37}, "turn": 6}
Info (JsonSocket): Message received: {"type": "endTurn", "info": {}, "turn": 6}
Info (JsonSocket): Message received: {"type": "endTurn", "info": {}, "turn": 6}
Info (Logic error:): No upgrade card available for type: Damage Player id: 1
Info (Logic error:): No upgrade card available for type: Damage Player id: 3
Info (Logic error:): No upgrade card available for type: Range Player id: 1
Info (Logic error:): No upgrade card available for type: Range Player id: 3
Info (game_put_unit): Player : 0 Put Unit 60 In Path 1
Info (game_put_unit): Player : 1 Put Unit 61 In Path 0
Info (Logic error:): AP is not enough. Needed: 3, Current: 0 Player id: 1
Info (game_put_unit): Player : 2 Put Unit 62 In Path 0
Info (game_put_unit): Player : 3 Put Unit 63 In Path 2
Info (GameServer): Simulation timeout passed by spending 41 time!
Info (JsonSocket): Message sent.
Info (JsonSocket): Message sent.
Info (JsonSocket): Message sent.
Info (JsonSocket): Message sent.
Info (JsonSocket): Message received: {"type": "putUnit", "info": {"typeId": 6, "pathId": 1}, "turn": 7}
Info (JsonSocket): Message received: {"type": "putUnit", "info": {"typeId": 2, "pathId": 0}, "turn": 7}
Info (JsonSocket): Message received: {"type": "endTurn", "info": {}, "turn": 7}
Info (JsonSocket): Message received: {"type": "endTurn", "info": {}, "turn": 7}
Info (JsonSocket): Message received: {"type": "putUnit", "info": {"typeId": 2, "pathId": 1}, "turn": 7}
Info (JsonSocket): Message received: {"type": "damageUpgrade", "info": {"unitId": 42}, "turn": 7}
Info (JsonSocket): Message received: {"type": "putUnit", "info": {"typeId": 1, "pathId": 0}, "turn": 7}
Info (JsonSocket): Message received: {"type": "rangeUpgrade", "info": {"unitId": 42}, "turn": 7}
Info (JsonSocket): Message received: {"type": "damageUpgrade", "info": {"unitId": 37}, "turn": 7}
Info (JsonSocket): Message received: {"type": "endTurn", "info": {}, "turn": 7}
Info (JsonSocket): Message received: {"type": "rangeUpgrade", "info": {"unitId": 37}, "turn": 7}
Info (JsonSocket): Message received: {"type": "endTurn", "info": {}, "turn": 7}
Info (Logic error:): No upgrade card available for type: Damage Player id: 1
Info (Logic error:): No upgrade card available for type: Damage Player id: 3
Info (Logic error:): No upgrade card available for type: Range Player id: 1
Info (Logic error:): No upgrade card available for type: Range Player id: 3
Info (game_put_unit): Player : 0 Put Unit 64 In Path 1
Info (Logic error:): AP is not enough. Needed: 3, Current: 2 Player id: 1
Info (game_put_unit): Player : 2 Put Unit 65 In Path 0
Info (Logic error:): AP is not enough. Needed: 4, Current: 2 Player id: 3
Info (GameServer): Simulation timeout passed by spending 39 time!
Info (JsonSocket): Message sent.
Info (JsonSocket): Message sent.
Info (JsonSocket): Message sent.
Info (JsonSocket): Message sent.
Info (JsonSocket): Message received: {"type": "putUnit", "info": {"typeId": 5, "pathId": 1}, "turn": 8}
Info (JsonSocket): Message received: {"type": "putUnit", "info": {"typeId": 6, "pathId": 0}, "turn": 8}
Info (JsonSocket): Message received: {"type": "endTurn", "info": {}, "turn": 8}
Info (JsonSocket): Message received: {"type": "endTurn", "info": {}, "turn": 8}
Info (JsonSocket): Message received: {"type": "putUnit", "info": {"typeId": 1, "pathId": 3}, "turn": 8}
Info (JsonSocket): Message received: {"type": "putUnit", "info": {"typeId": 2, "pathId": 1}, "turn": 8}
Info (JsonSocket): Message received: {"type": "damageUpgrade", "info": {"unitId": 42}, "turn": 8}
Info (JsonSocket): Message received: {"type": "damageUpgrade", "info": {"unitId": 37}, "turn": 8}
Info (JsonSocket): Message received: {"type": "rangeUpgrade", "info": {"unitId": 37}, "turn": 8}
Info (JsonSocket): Message received: {"type": "rangeUpgrade", "info": {"unitId": 42}, "turn": 8}
Info (JsonSocket): Message received: {"type": "endTurn", "info": {}, "turn": 8}
Info (JsonSocket): Message received: {"type": "endTurn", "info": {}, "turn": 8}
Info (Logic error:): No upgrade card available for type: Damage Player id: 1
Info (Logic error:): No upgrade card available for type: Damage Player id: 3
Info (Logic error:): No upgrade card available for type: Range Player id: 1
Info (Logic error:): No upgrade card available for type: Range Player id: 3
Info (game_put_unit): Player : 0 Put Unit 66 In Path 1
Info (game_put_unit): Player : 1 Put Unit 67 In Path 3
Info (game_put_unit): Player : 2 Put Unit 68 In Path 0
Info (game_put_unit): Player : 3 Put Unit 69 In Path 1
Info (GameServer): Simulation timeout passed by spending 41 time!
Info (JsonSocket): Message sent.
Info (JsonSocket): Message sent.
Info (JsonSocket): Message sent.
Info (JsonSocket): Message sent.
Info (JsonSocket): Message received: {"type": "putUnit", "info": {"typeId": 2, "pathId": 0}, "turn": 9}
Info (JsonSocket): Message received: {"type": "endTurn", "info": {}, "turn": 9}
Info (JsonSocket): Message received: {"type": "putUnit", "info": {"typeId": 5, "pathId": 1}, "turn": 9}
Info (JsonSocket): Message received: {"type": "putUnit", "info": {"typeId": 2, "pathId": 1}, "turn": 9}
Info (JsonSocket): Message received: {"type": "endTurn", "info": {}, "turn": 9}
Info (JsonSocket): Message received: {"type": "damageUpgrade", "info": {"unitId": 42}, "turn": 9}
Info (JsonSocket): Message received: {"type": "putUnit", "info": {"typeId": 0, "pathId": 0}, "turn": 9}
Info (JsonSocket): Message received: {"type": "rangeUpgrade", "info": {"unitId": 42}, "turn": 9}
Info (JsonSocket): Message received: {"type": "damageUpgrade", "info": {"unitId": 37}, "turn": 9}
Info (JsonSocket): Message received: {"type": "endTurn", "info": {}, "turn": 9}
Info (JsonSocket): Message received: {"type": "rangeUpgrade", "info": {"unitId": 37}, "turn": 9}
Info (JsonSocket): Message received: {"type": "endTurn", "info": {}, "turn": 9}
Info (Logic error:): No upgrade card available for type: Damage Player id: 1
Info (Logic error:): No upgrade card available for type: Damage Player id: 3
Info (Logic error:): No upgrade card available for type: Range Player id: 1
Info (Logic error:): No upgrade card available for type: Range Player id: 3
Info (game_put_unit): Player : 0 Put Unit 70 In Path 0
Info (Logic error:): AP is not enough. Needed: 4, Current: 3 Player id: 1
Info (game_put_unit): Player : 2 Put Unit 71 In Path 1
Info (Logic error:): AP is not enough. Needed: 4, Current: 2 Player id: 3
Info (GameServer): Simulation timeout passed by spending 44 time!
Info (JsonSocket): Message sent.
Info (JsonSocket): Message sent.
Info (JsonSocket): Message sent.
Info (JsonSocket): Message sent.
Info (JsonSocket): Message received: {"type": "putUnit", "info": {"typeId": 0, "pathId": 3}, "turn": 10}
Info (JsonSocket): Message received: {"type": "putUnit", "info": {"typeId": 2, "pathId": 1}, "turn": 10}
Info (JsonSocket): Message received: {"type": "castSpell", "info": {"typeId": 4, "cell": {"row": 37, "col": 8}, "unitId": -1, "pathId": -1}, "turn": 10}
Info (JsonSocket): Message received: {"type": "castSpell", "info": {"typeId": 4, "cell": {"row": 2, "col": 8}, "unitId": -1, "pathId": -1}, "turn": 10}
Info (JsonSocket): Message received: {"type": "damageUpgrade", "info": {"unitId": 42}, "turn": 10}
Info (JsonSocket): Message received: {"type": "damageUpgrade", "info": {"unitId": 37}, "turn": 10}
Info (JsonSocket): Message received: {"type": "rangeUpgrade", "info": {"unitId": 42}, "turn": 10}
Info (JsonSocket): Message received: {"type": "rangeUpgrade", "info": {"unitId": 37}, "turn": 10}
Info (JsonSocket): Message received: {"type": "endTurn", "info": {}, "turn": 10}
Info (JsonSocket): Message received: {"type": "endTurn", "info": {}, "turn": 10}
Info (JsonSocket): Message received: {"type": "putUnit", "info": {"typeId": 0, "pathId": 0}, "turn": 10}
Info (JsonSocket): Message received: {"type": "putUnit", "info": {"typeId": 0, "pathId": 1}, "turn": 10}
Info (JsonSocket): Message received: {"type": "endTurn", "info": {}, "turn": 10}
Info (JsonSocket): Message received: {"type": "endTurn", "info": {}, "turn": 10}
Info (Logic error:): No upgrade card available for type: Damage Player id: 1
Info (Logic error:): No upgrade card available for type: Damage Player id: 3
Info (Logic error:): No upgrade card available for type: Range Player id: 1
Info (Logic error:): No upgrade card available for type: Range Player id: 3
Info (game_put_unit): Player : 0 Put Unit 72 In Path 0
Info (game_put_unit): Player : 1 Put Unit 73 In Path 3
Info (game_put_unit): Player : 2 Put Unit 74 In Path 1
Info (game_put_unit): Player : 3 Put Unit 75 In Path 1
Info (game_cast_spell): Caster : 1 Casted Spell With Type : 4 With Center : (2,8)
Info (game_cast_spell): Caster : 3 Casted Spell With Type : 4 With Center : (37,8)
Info (GameServer): Simulation timeout passed by spending 50 time!
Info (JsonSocket): Message sent.
Info (JsonSocket): Message sent.
Info (JsonSocket): Message sent.
Info (JsonSocket): Message sent.
Info (JsonSocket): Message received: {"type": "putUnit", "info": {"typeId": 6, "pathId": 0}, "turn": 11}
Info (JsonSocket): Message received: {"type": "putUnit", "info": {"typeId": 0, "pathId": 1}, "turn": 11}
Info (JsonSocket): Message received: {"type": "damageUpgrade", "info": {"unitId": 37}, "turn": 11}
Info (JsonSocket): Message received: {"type": "damageUpgrade", "info": {"unitId": 42}, "turn": 11}
Info (JsonSocket): Message received: {"type": "rangeUpgrade", "info": {"unitId": 37}, "turn": 11}
Info (JsonSocket): Message received: {"type": "rangeUpgrade", "info": {"unitId": 42}, "turn": 11}
Info (JsonSocket): Message received: {"type": "endTurn", "info": {}, "turn": 11}
Info (JsonSocket): Message received: {"type": "endTurn", "info": {}, "turn": 11}
Info (JsonSocket): Message received: {"type": "endTurn", "info": {}, "turn": 11}
Info (JsonSocket): Message received: {"type": "endTurn", "info": {}, "turn": 11}
Info (Logic error:): No upgrade card available for type: Damage Player id: 1
Info (Logic error:): No upgrade card available for type: Damage Player id: 3
Info (Logic error:): No upgrade card available for type: Range Player id: 1
Info (Logic error:): No upgrade card available for type: Range Player id: 3
Info (game_put_unit): Player : 1 Put Unit 86 In Path 0
Info (Logic error:): AP is not enough. Needed: 4, Current: 2 Player id: 3
Info (game_cast_spell): Caster : 1 Casted Spell With Type : 4 With Center : (2,8)
Info (game_cast_spell): Caster : 3 Casted Spell With Type : 4 With Center : (37,8)
Info (GameServer): Simulation timeout passed by spending 41 time!
Info (JsonSocket): Message sent.
Info (JsonSocket): Message sent.
Info (JsonSocket): Message sent.
Info (JsonSocket): Message sent.
Info (JsonSocket): Message received: {"type": "putUnit", "info": {"typeId": 5, "pathId": 0}, "turn": 12}
Info (JsonSocket): Message received: {"type": "damageUpgrade", "info": {"unitId": 37}, "turn": 12}
Info (JsonSocket): Message received: {"type": "putUnit", "info": {"typeId": 0, "pathId": 2}, "turn": 12}
Info (JsonSocket): Message received: {"type": "rangeUpgrade", "info": {"unitId": 37}, "turn": 12}
Info (JsonSocket): Message received: {"type": "damageUpgrade", "info": {"unitId": 42}, "turn": 12}
Info (JsonSocket): Message received: {"type": "endTurn", "info": {}, "turn": 12}
Info (JsonSocket): Message received: {"type": "rangeUpgrade", "info": {"unitId": 42}, "turn": 12}
Info (JsonSocket): Message received: {"type": "endTurn", "info": {}, "turn": 12}
Info (JsonSocket): Message received: {"type": "putUnit", "info": {"typeId": 1, "pathId": 1}, "turn": 12}
Info (JsonSocket): Message received: {"type": "endTurn", "info": {}, "turn": 12}
Info (JsonSocket): Message received: {"type": "putUnit", "info": {"typeId": 5, "pathId": 0}, "turn": 12}
Info (JsonSocket): Message received: {"type": "endTurn", "info": {}, "turn": 12}
Info (Logic error:): No upgrade card available for type: Damage Player id: 1
Info (Logic error:): No upgrade card available for type: Damage Player id: 3
Info (Logic error:): No upgrade card available for type: Range Player id: 1
Info (Logic error:): No upgrade card available for type: Range Player id: 3
Info (game_put_unit): Player : 0 Put Unit 87 In Path 0
Info (game_put_unit): Player : 1 Put Unit 88 In Path 0
Info (game_put_unit): Player : 2 Put Unit 89 In Path 1
Info (game_put_unit): Player : 3 Put Unit 90 In Path 2
Info (game_cast_spell): Caster : 1 Casted Spell With Type : 4 With Center : (2,8)
Info (game_cast_spell): Caster : 3 Casted Spell With Type : 4 With Center : (37,8)
Info (GameServer): Simulation timeout passed by spending 40 time!
Info (JsonSocket): Message sent.
Info (JsonSocket): Message sent.
Info (JsonSocket): Message sent.
Info (JsonSocket): Message sent.
Info (JsonSocket): Message received: {"type": "putUnit", "info": {"typeId": 0, "pathId": 2}, "turn": 13}
Info (JsonSocket): Message received: {"type": "putUnit", "info": {"typeId": 1, "pathId": 3}, "turn": 13}
Info (JsonSocket): Message received: {"type": "damageUpgrade", "info": {"unitId": 42}, "turn": 13}
Info (JsonSocket): Message received: {"type": "damageUpgrade", "info": {"unitId": 37}, "turn": 13}
Info (JsonSocket): Message received: {"type": "rangeUpgrade", "info": {"unitId": 42}, "turn": 13}
Info (JsonSocket): Message received: {"type": "rangeUpgrade", "info": {"unitId": 37}, "turn": 13}
Info (JsonSocket): Message received: {"type": "endTurn", "info": {}, "turn": 13}
Info (JsonSocket): Message received: {"type": "endTurn", "info": {}, "turn": 13}
Info (JsonSocket): Message received: {"type": "putUnit", "info": {"typeId": 1, "pathId": 0}, "turn": 13}
Info (JsonSocket): Message received: {"type": "putUnit", "info": {"typeId": 5, "pathId": 1}, "turn": 13}
Info (JsonSocket): Message received: {"type": "endTurn", "info": {}, "turn": 13}
Info (JsonSocket): Message received: {"type": "endTurn", "info": {}, "turn": 13}
Info (Logic error:): No upgrade card available for type: Damage Player id: 1
Info (Logic error:): No upgrade card available for type: Damage Player id: 3
Info (Logic error:): No upgrade card available for type: Range Player id: 1
Info (Logic error:): No upgrade card available for type: Range Player id: 3
Info (game_put_unit): Player : 0 Put Unit 91 In Path 0
Info (Logic error:): AP is not enough. Needed: 3, Current: 2 Player id: 1
Info (game_put_unit): Player : 2 Put Unit 92 In Path 1
Info (Logic error:): AP is not enough. Needed: 4, Current: 2 Player id: 3
Info (GameServer): Simulation timeout passed by spending 36 time!
Info (JsonSocket): Message sent.
Info (JsonSocket): Message sent.
Info (JsonSocket): Message sent.
Info (JsonSocket): Message sent.
Info (JsonSocket): Message received: {"type": "putUnit", "info": {"typeId": 0, "pathId": 1}, "turn": 14}
Info (JsonSocket): Message received: {"type": "damageUpgrade", "info": {"unitId": 42}, "turn": 14}
Info (JsonSocket): Message received: {"type": "rangeUpgrade", "info": {"unitId": 42}, "turn": 14}
Info (JsonSocket): Message received: {"type": "putUnit", "info": {"typeId": 1, "pathId": 0}, "turn": 14}
Info (JsonSocket): Message received: {"type": "endTurn", "info": {}, "turn": 14}
Info (JsonSocket): Message received: {"type": "damageUpgrade", "info": {"unitId": 37}, "turn": 14}
Info (JsonSocket): Message received: {"type": "rangeUpgrade", "info": {"unitId": 37}, "turn": 14}
Info (JsonSocket): Message received: {"type": "endTurn", "info": {}, "turn": 14}
Info (JsonSocket): Message received: {"type": "putUnit", "info": {"typeId": 6, "pathId": 1}, "turn": 14}
Info (JsonSocket): Message received: {"type": "endTurn", "info": {}, "turn": 14}
Info (JsonSocket): Message received: {"type": "putUnit", "info": {"typeId": 6, "pathId": 0}, "turn": 14}
Info (JsonSocket): Message received: {"type": "endTurn", "info": {}, "turn": 14}
Info (Logic error:): No upgrade card available for type: Damage Player id: 1
Info (Logic error:): No upgrade card available for type: Damage Player id: 3
Info (Logic error:): No upgrade card available for type: Range Player id: 1
Info (Logic error:): No upgrade card available for type: Range Player id: 3
Info (game_put_unit): Player : 0 Put Unit 93 In Path 0
Info (game_put_unit): Player : 1 Put Unit 94 In Path 0
Info (game_put_unit): Player : 2 Put Unit 95 In Path 1
Info (game_put_unit): Player : 3 Put Unit 96 In Path 1
Info (GameServer): Simulation timeout passed by spending 38 time!
Info (JsonSocket): Message sent.
Info (JsonSocket): Message sent.
Info (JsonSocket): Message sent.
Info (JsonSocket): Message sent.
Info (JsonSocket): Message received: {"type": "putUnit", "info": {"typeId": 1, "pathId": 1}, "turn": 15}
Info (JsonSocket): Message received: {"type": "putUnit", "info": {"typeId": 5, "pathId": 0}, "turn": 15}
Info (JsonSocket): Message received: {"type": "damageUpgrade", "info": {"unitId": 42}, "turn": 15}
Info (JsonSocket): Message received: {"type": "damageUpgrade", "info": {"unitId": 37}, "turn": 15}
Info (JsonSocket): Message received: {"type": "rangeUpgrade", "info": {"unitId": 42}, "turn": 15}
Info (JsonSocket): Message received: {"type": "rangeUpgrade", "info": {"unitId": 37}, "turn": 15}
Info (JsonSocket): Message received: {"type": "endTurn", "info": {}, "turn": 15}
Info (JsonSocket): Message received: {"type": "endTurn", "info": {}, "turn": 15}
Info (JsonSocket): Message received: {"type": "endTurn", "info": {}, "turn": 15}
Info (JsonSocket): Message received: {"type": "endTurn", "info": {}, "turn": 15}
Info (Logic error:): No upgrade card available for type: Damage Player id: 1
Info (Logic error:): No upgrade card available for type: Damage Player id: 3
Info (Logic error:): No upgrade card available for type: Range Player id: 1
Info (Logic error:): No upgrade card available for type: Range Player id: 3
Info (game_put_unit): Player : 1 Put Unit 97 In Path 0
Info (Logic error:): AP is not enough. Needed: 3, Current: 2 Player id: 3
Info (GameServer): Simulation timeout passed by spending 35 time!
Info (JsonSocket): Message sent.
Info (JsonSocket): Message sent.
Info (JsonSocket): Message sent.
Info (JsonSocket): Message sent.
Info (JsonSocket): Message received: {"type": "putUnit", "info": {"typeId": 1, "pathId": 2}, "turn": 16}
Info (JsonSocket): Message received: {"type": "putUnit", "info": {"typeId": 5, "pathId": 3}, "turn": 16}
Info (JsonSocket): Message received: {"type": "damageUpgrade", "info": {"unitId": 42}, "turn": 16}
Info (JsonSocket): Message received: {"type": "damageUpgrade", "info": {"unitId": 38}, "turn": 16}
Info (JsonSocket): Message received: {"type": "rangeUpgrade", "info": {"unitId": 42}, "turn": 16}
Info (JsonSocket): Message received: {"type": "rangeUpgrade", "info": {"unitId": 38}, "turn": 16}
Info (JsonSocket): Message received: {"type": "endTurn", "info": {}, "turn": 16}
Info (JsonSocket): Message received: {"type": "endTurn", "info": {}, "turn": 16}
Info (JsonSocket): Message received: {"type": "putUnit", "info": {"typeId": 5, "pathId": 0}, "turn": 16}
Info (JsonSocket): Message received: {"type": "endTurn", "info": {}, "turn": 16}
Info (JsonSocket): Message received: {"type": "putUnit", "info": {"typeId": 1, "pathId": 1}, "turn": 16}
Info (JsonSocket): Message received: {"type": "endTurn", "info": {}, "turn": 16}
Info (Logic error:): No upgrade card available for type: Damage Player id: 1
Info (Logic error:): No upgrade card available for type: Damage Player id: 3
Info (Logic error:): No upgrade card available for type: Range Player id: 1
Info (Logic error:): No upgrade card available for type: Range Player id: 3
Info (game_put_unit): Player : 0 Put Unit 98 In Path 0
Info (Logic error:): AP is not enough. Needed: 3, Current: 2 Player id: 1
Info (game_put_unit): Player : 2 Put Unit 99 In Path 1
Info (game_put_unit): Player : 3 Put Unit 100 In Path 2
Info (GameServer): Simulation timeout passed by spending 36 time!
Info (JsonSocket): Message sent.
Info (JsonSocket): Message sent.
Info (JsonSocket): Message sent.
Info (JsonSocket): Message sent.
Info (JsonSocket): Message received: {"type": "putUnit", "info": {"typeId": 5, "pathId": 3}, "turn": 17}
Info (JsonSocket): Message received: {"type": "putUnit", "info": {"typeId": 0, "pathId": 2}, "turn": 17}
Info (JsonSocket): Message received: {"type": "damageUpgrade", "info": {"unitId": 38}, "turn": 17}
Info (JsonSocket): Message received: {"type": "damageUpgrade", "info": {"unitId": 42}, "turn": 17}
Info (JsonSocket): Message received: {"type": "rangeUpgrade", "info": {"unitId": 38}, "turn": 17}
Info (JsonSocket): Message received: {"type": "rangeUpgrade", "info": {"unitId": 42}, "turn": 17}
Info (JsonSocket): Message received: {"type": "endTurn", "info": {}, "turn": 17}
Info (JsonSocket): Message received: {"type": "endTurn", "info": {}, "turn": 17}
Info (JsonSocket): Message received: {"type": "putUnit", "info": {"typeId": 5, "pathId": 1}, "turn": 17}
Info (JsonSocket): Message received: {"type": "castSpell", "info": {"typeId": 4, "cell": {"row": 7, "col": 8}, "unitId": -1, "pathId": -1}, "turn": 17}
Info (JsonSocket): Message received: {"type": "endTurn", "info": {}, "turn": 17}
Info (JsonSocket): Message received: {"type": "putUnit", "info": {"typeId": 1, "pathId": 0}, "turn": 17}
Info (JsonSocket): Message received: {"type": "castSpell", "info": {"typeId": 4, "cell": {"row": 7, "col": 8}, "unitId": -1, "pathId": -1}, "turn": 17}
Info (JsonSocket): Message received: {"type": "endTurn", "info": {}, "turn": 17}
Info (Logic error:): No upgrade card available for type: Damage Player id: 1
Info (Logic error:): No upgrade card available for type: Damage Player id: 3
Info (Logic error:): No upgrade card available for type: Range Player id: 1
Info (Logic error:): No upgrade card available for type: Range Player id: 3
Info (game_put_unit): Player : 1 Put Unit 101 In Path 3
Info (game_put_unit): Player : 2 Put Unit 102 In Path 1
Info (Logic error:): AP is not enough. Needed: 4, Current: 3 Player id: 3
Info (game_cast_spell): Caster : 2 Casted Spell With Type : 4 With Center : (7,8)
Info (GameServer): Simulation timeout passed by spending 33 time!
Info (ClientHandler0): Not waiting for messages because player is not active.
Info (JsonSocket): Message sent.
Info (JsonSocket): Message sent.
Info (JsonSocket): Message sent.
Info (JsonSocket): Message sent.
Info (JsonSocket): Message received: {"type": "endTurn", "info": {}, "turn": 18}
Info (JsonSocket): Message received: {"type": "putUnit", "info": {"typeId": 0, "pathId": 3}, "turn": 18}
Info (JsonSocket): Message received: {"type": "putUnit", "info": {"typeId": 0, "pathId": 1}, "turn": 18}
Info (JsonSocket): Message received: {"type": "damageUpgrade", "info": {"unitId": 38}, "turn": 18}
Info (JsonSocket): Message received: {"type": "damageUpgrade", "info": {"unitId": 63}, "turn": 18}
Info (JsonSocket): Message received: {"type": "rangeUpgrade", "info": {"unitId": 38}, "turn": 18}
Info (JsonSocket): Message received: {"type": "rangeUpgrade", "info": {"unitId": 63}, "turn": 18}
Info (JsonSocket): Message received: {"type": "endTurn", "info": {}, "turn": 18}
Info (JsonSocket): Message received: {"type": "endTurn", "info": {}, "turn": 18}
Info (Logic error:): No upgrade card available for type: Damage Player id: 1
Info (Logic error:): No upgrade card available for type: Damage Player id: 3
Info (Logic error:): No upgrade card available for type: Range Player id: 1
Info (Logic error:): No upgrade card available for type: Range Player id: 3
Info (Logic error:): AP is not enough. Needed: 4, Current: 3 Player id: 1
Info (game_put_unit): Player : 3 Put Unit 106 In Path 1
Info (game_cast_spell): Caster : 2 Casted Spell With Type : 4 With Center : (7,8)
Info (ClientHandler1): Client Terminated at turn: 19
Info (ClientHandler3): Client Terminated at turn: 19
Info (ClientHandler0): Client Terminated at turn: 19
Info (ClientHandler2): Client Terminated at turn: 19
Info (JsonSocket): Message sent.
Info (JsonSocket): Message sent.
Info (JsonSocket): Message sent.
Info (JsonSocket): Message sent.
